<?xml version="1.0" encoding="UTF-8"?>
<testng-results ignored="0" total="1" passed="0" failed="1" skipped="0">
  <reporter-output>
  </reporter-output>
  <suite started-at="2019-09-20T15:22:39 IST" name="Default suite" finished-at="2019-09-20T15:22:39 IST" duration-ms="208">
    <groups>
    </groups>
    <test started-at="2019-09-20T15:22:39 IST" name="Default test" finished-at="2019-09-20T15:22:39 IST" duration-ms="208">
      <class name="com.org.MavenGroup.MavenArtifactID.LogInPage">
        <test-method signature="TC1_Login()[pri:0, instance:com.org.MavenGroup.MavenArtifactID.LogInPage@67f639d3]" started-at="2019-09-20T15:22:39 IST" name="TC1_Login" finished-at="2019-09-20T15:22:39 IST" duration-ms="117" status="FAIL">
          <exception class="java.lang.IllegalStateException">
            <message>
              <![CDATA[The driver executable does not exist: D:\git\repository\MavenArtifactID\.\libs\chromedriver.exe]]>
            </message>
            <full-stacktrace>
              <![CDATA[java.lang.IllegalStateException: The driver executable does not exist: D:\git\repository\MavenArtifactID\.\libs\chromedriver.exe
at com.google.common.base.Preconditions.checkState(Preconditions.java:197)
at org.openqa.selenium.remote.service.DriverService.checkExecutable(DriverService.java:121)
at org.openqa.selenium.remote.service.DriverService.findExecutable(DriverService.java:116)
at org.openqa.selenium.chrome.ChromeDriverService.access$0(ChromeDriverService.java:1)
at org.openqa.selenium.chrome.ChromeDriverService$Builder.findDefaultExecutable(ChromeDriverService.java:137)
at org.openqa.selenium.remote.service.DriverService$Builder.build(DriverService.java:290)
at org.openqa.selenium.chrome.ChromeDriverService.createDefaultService(ChromeDriverService.java:88)
at org.openqa.selenium.chrome.ChromeDriver.<init>(ChromeDriver.java:116)
at com.org.MavenGroup.MavenArtifactID.LogInPage.TC1_Login(LogInPage.java:19)
at java.base/jdk.internal.reflect.NativeMethodAccessorImpl.invoke0(Native Method)
at java.base/jdk.internal.reflect.NativeMethodAccessorImpl.invoke(NativeMethodAccessorImpl.java:62)
at java.base/jdk.internal.reflect.DelegatingMethodAccessorImpl.invoke(DelegatingMethodAccessorImpl.java:43)
at java.base/java.lang.reflect.Method.invoke(Method.java:567)
at org.testng.internal.MethodInvocationHelper.invokeMethod(MethodInvocationHelper.java:133)
at org.testng.internal.TestInvoker.invokeMethod(TestInvoker.java:584)
at org.testng.internal.TestInvoker.invokeTestMethod(TestInvoker.java:172)
at org.testng.internal.MethodRunner.runInSequence(MethodRunner.java:46)
at org.testng.internal.TestInvoker$MethodInvocationAgent.invoke(TestInvoker.java:804)
at org.testng.internal.TestInvoker.invokeTestMethods(TestInvoker.java:145)
at org.testng.internal.TestMethodWorker.invokeTestMethods(TestMethodWorker.java:146)
at org.testng.internal.TestMethodWorker.run(TestMethodWorker.java:128)
at java.base/java.util.ArrayList.forEach(ArrayList.java:1540)
at org.testng.TestRunner.privateRun(TestRunner.java:770)
at org.testng.TestRunner.run(TestRunner.java:591)
at org.testng.SuiteRunner.runTest(SuiteRunner.java:402)
at org.testng.SuiteRunner.runSequentially(SuiteRunner.java:396)
at org.testng.SuiteRunner.privateRun(SuiteRunner.java:355)
at org.testng.SuiteRunner.run(SuiteRunner.java:304)
at org.testng.SuiteRunnerWorker.runSuite(SuiteRunnerWorker.java:53)
at org.testng.SuiteRunnerWorker.run(SuiteRunnerWorker.java:96)
at org.testng.TestNG.runSuitesSequentially(TestNG.java:1180)
at org.testng.TestNG.runSuitesLocally(TestNG.java:1102)
at org.testng.TestNG.runSuites(TestNG.java:1032)
at org.testng.TestNG.run(TestNG.java:1000)
at org.testng.remote.AbstractRemoteTestNG.run(AbstractRemoteTestNG.java:115)
at org.testng.remote.RemoteTestNG.initAndRun(RemoteTestNG.java:251)
at org.testng.remote.RemoteTestNG.main(RemoteTestNG.java:77)
]]>
            </full-stacktrace>
          </exception> <!-- java.lang.IllegalStateException -->
          <reporter-output>
          </reporter-output>
        </test-method> <!-- TC1_Login -->
      </class> <!-- com.org.MavenGroup.MavenArtifactID.LogInPage -->
    </test> <!-- Default test -->
  </suite> <!-- Default suite -->
</testng-results>
